<?xml version="1.0" encoding="UTF-8"?>
<!-- Generated by org.testng.reporters.JUnitXMLReporter -->
<testsuite ignored="0" hostname="MCKL-7604-T" failures="0" tests="8" name="All test" time="0.15" errors="0" timestamp="2023-11-23T08:42:58 IST">
  <testcase classname="testNGExamples.TestingCarLoan" name="MobileLoginCarLoan" time="0.009"/>
  <testcase classname="testNGExamples.TestingCarLoan" name="MobileNagivatetoDashboardCarLoan" time="0.002"/>
  <testcase classname="testNGExamples.TestingCarLoan" name="WebLoginCarLoan" time="0.002"/>
  <testcase classname="testNGExamples.TestingCarLoan" name="WebNagivatetoDashboardCarLoan" time="0.002"/>
  <testcase classname="testNGExamples.TestingPersonalLoan" name="MobileLoginPersonalLoan" time="0.002"/>
  <testcase classname="testNGExamples.TestingPersonalLoan" name="MobileNagivatetoDashboardPersonalLoan" time="0.002"/>
  <testcase classname="testNGExamples.TestingPersonalLoan" name="WebLoginPersonalLoan" time="0.002"/>
  <testcase classname="testNGExamples.TestingPersonalLoan" name="WebNagivatetoDashboardPersonalLoan" time="0.002"/>
</testsuite> <!-- All test -->
