<?xml version="1.0" encoding="UTF-8"?>
<!-- Generated by org.testng.reporters.JUnitXMLReporter -->
<testsuite ignored="2" hostname="MCKL-7604-T" failures="0" tests="2" name="Car Loan Test" time="0.119" errors="0" timestamp="2023-11-26T11:22:37 IST">
  <testcase classname="testNGExamples.TestingCarLoan" name="WebLoginCarLoan" time="0.005"/>
  <testcase classname="testNGExamples.TestingCarLoan" name="WebNagivatetoDashboardCarLoan" time="0.003"/>
  <testcase classname="testNGExamples.TestingCarLoan" name="MobileLoginCarLoan" time="0.0">
    <ignored/>
  </testcase> <!-- MobileLoginCarLoan -->
  <testcase classname="testNGExamples.TestingCarLoan" name="MobileNagivatetoDashboardCarLoan" time="0.0">
    <ignored/>
  </testcase> <!-- MobileNagivatetoDashboardCarLoan -->
</testsuite> <!-- Car Loan Test -->
