<?xml version="1.0" encoding="UTF-8"?>
<testng-results ignored="0" total="1" passed="1" failed="0" skipped="0">
  <reporter-output>
  </reporter-output>
  <suite started-at="2024-03-27T18:22:27 IST" name="Default suite" finished-at="2024-03-27T18:22:47 IST" duration-ms="19559">
    <groups>
    </groups>
    <test started-at="2024-03-27T18:22:27 IST" name="Default test" finished-at="2024-03-27T18:22:47 IST" duration-ms="19559">
      <class name="seleniumBasics.DownloadAndUpload">
        <test-method signature="upload1()[pri:0, instance:seleniumBasics.DownloadAndUpload@71a8adcf]" started-at="2024-03-27T18:22:27 IST" name="upload1" finished-at="2024-03-27T18:22:47 IST" duration-ms="19504" status="PASS">
          <reporter-output>
          </reporter-output>
        </test-method> <!-- upload1 -->
      </class> <!-- seleniumBasics.DownloadAndUpload -->
    </test> <!-- Default test -->
  </suite> <!-- Default suite -->
</testng-results>
